<?xml version="1.0" encoding="UTF-8"?>
<testsuite xmlns:xsi="http://www.w3.org/2001/XMLSchema-instance" xsi:noNamespaceSchemaLocation="https://maven.apache.org/surefire/maven-surefire-plugin/xsd/surefire-test-report-3.0.xsd" version="3.0" name="runner.TestRunner" time="36.442" tests="1" errors="0" skipped="0" failures="0">
  <properties>
[...]
</properties>
  <testcase name="Admin can login with valid credentials" classname="As a admin user should be able to login" time="26.565">
    <system-out><![CDATA[
Scenario: Admin can login with valid credentials                                                         &amp#27;[90m# featureFiles/Login.feature:3&amp#27;[0m
  &amp#27;[32mGiven &amp#27;[0m&amp#27;[32mUser is able to load the application&amp#27;[0m                                                             &amp#27;[90m# stepDefination.LoginAsAdmin.user_is_able_to_load_the_application()&amp#27;[0m
  &amp#27;[32mWhen &amp#27;[0m&amp#27;[32mUser enters username as &amp#27;[0m&amp#27;[32m&amp#27;[1m"admin@email.com"&amp#27;[0m&amp#27;[32m and password as &amp#27;[0m&amp#27;[32m&amp#27;[1m"admin@123"&amp#27;[0m&amp#27;[32m and clicks on submit button&amp#27;[0m &amp#27;[90m# stepDefination.LoginAsAdmin.user_enters_username_as_and_password_as_and_clicks_on_submit_button(java.lang.String,java.lang.String)&amp#27;[0m
  &amp#27;[32mThen &amp#27;[0m&amp#27;[32mUser should be able to login&amp#27;[0m                                                                      &amp#27;[90m# stepDefination.LoginAsAdmin.user_should_be_able_to_login()&amp#27;[0m
]]></system-out>
    <system-err><![CDATA[Jul 23, 2023 8:27:35 AM org.openqa.selenium.remote.service.DriverService$Builder getLogOutput
INFO: Driver logs no longer sent to console by default; https://www.selenium.dev/documentation/webdriver/drivers/service/#setting-log-output
SLF4J: Failed to load class "org.slf4j.impl.StaticLoggerBinder".
SLF4J: Defaulting to no-operation (NOP) logger implementation
SLF4J: See http://www.slf4j.org/codes.html#StaticLoggerBinder for further details.
ERROR StatusLogger Log4j2 could not find a logging implementation. Please add log4j-core to the classpath. Using SimpleLogger to log to the console...
]]></system-err>
  </testcase>
</testsuite>